2025-10-23T08:46:14.565519Z  INFO tailwindcss_oxide::scanner: Provided sources:
2025-10-23T08:46:14.565817Z  INFO tailwindcss_oxide::scanner: Source: PublicSourceEntry { base: "/workspaces/certified-mvp", pattern: "**/*", negated: false }
2025-10-23T08:46:14.565940Z  INFO tailwindcss_oxide::scanner: Optimized sources:
2025-10-23T08:46:14.566010Z  INFO tailwindcss_oxide::scanner: Source: Auto { base: "/workspaces/certified-mvp" }
2025-10-23T08:46:14.567575Z  INFO scan_sources: tailwindcss_oxide::scanner: enter
2025-10-23T08:46:14.568140Z  INFO scan_sources: tailwindcss_oxide::scanner: Discovering "/workspaces/certified-mvp/supabase"
2025-10-23T08:46:14.568230Z  INFO scan_sources: tailwindcss_oxide::scanner: Discovering "/workspaces/certified-mvp/supabase/.temp"
2025-10-23T08:46:14.568324Z  INFO scan_sources: tailwindcss_oxide::scanner: Discovering "/workspaces/certified-mvp/supabase/.temp/postgres-version"
2025-10-23T08:46:14.568360Z  INFO scan_sources: tailwindcss_oxide::scanner: Discovering "/workspaces/certified-mvp/supabase/.temp/gotrue-version"
2025-10-23T08:46:14.568390Z  INFO scan_sources: tailwindcss_oxide::scanner: Discovering "/workspaces/certified-mvp/supabase/.temp/pooler-url"
2025-10-23T08:46:14.568418Z  INFO scan_sources: tailwindcss_oxide::scanner: Discovering "/workspaces/certified-mvp/supabase/.temp/rest-version"
2025-10-23T08:46:14.568484Z  INFO scan_sources: tailwindcss_oxide::scanner: Discovering "/workspaces/certified-mvp/README.md"
2025-10-23T08:46:14.568517Z  INFO scan_sources: tailwindcss_oxide::scanner: Discovering "/workspaces/certified-mvp/components"
2025-10-23T08:46:14.568579Z  INFO scan_sources: tailwindcss_oxide::scanner: Discovering "/workspaces/certified-mvp/components/enroll-employees.tsx"
2025-10-23T08:46:14.568610Z  INFO scan_sources: tailwindcss_oxide::scanner: Discovering "/workspaces/certified-mvp/components/certificate-template-picker.tsx"
2025-10-23T08:46:14.568640Z  INFO scan_sources: tailwindcss_oxide::scanner: Discovering "/workspaces/certified-mvp/components/loading-spinner.tsx"
2025-10-23T08:46:14.568665Z  INFO scan_sources: tailwindcss_oxide::scanner: Discovering "/workspaces/certified-mvp/components/certificate-template-previews.tsx"
2025-10-23T08:46:14.568691Z  INFO scan_sources: tailwindcss_oxide::scanner: Discovering "/workspaces/certified-mvp/components/certificate-template.tsx"
2025-10-23T08:46:14.568716Z  INFO scan_sources: tailwindcss_oxide::scanner: Discovering "/workspaces/certified-mvp/components/employee-search.tsx"
2025-10-23T08:46:14.568742Z  INFO scan_sources: tailwindcss_oxide::scanner: Discovering "/workspaces/certified-mvp/components/responsive-container.tsx"
2025-10-23T08:46:14.568766Z  INFO scan_sources: tailwindcss_oxide::scanner: Discovering "/workspaces/certified-mvp/components/certificate-generator.tsx"
2025-10-23T08:46:14.568790Z  INFO scan_sources: tailwindcss_oxide::scanner: Discovering "/workspaces/certified-mvp/components/invite-employee.tsx"
2025-10-23T08:46:14.568817Z  INFO scan_sources: tailwindcss_oxide::scanner: Discovering "/workspaces/certified-mvp/components/certificate-picker.tsx"
2025-10-23T08:46:14.568843Z  INFO scan_sources: tailwindcss_oxide::scanner: Discovering "/workspaces/certified-mvp/components/theme-provider.tsx"
2025-10-23T08:46:14.568871Z  INFO scan_sources: tailwindcss_oxide::scanner: Discovering "/workspaces/certified-mvp/components/ui"
2025-10-23T08:46:14.568925Z  INFO scan_sources: tailwindcss_oxide::scanner: Discovering "/workspaces/certified-mvp/components/ui/alert.tsx"
2025-10-23T08:46:14.568953Z  INFO scan_sources: tailwindcss_oxide::scanner: Discovering "/workspaces/certified-mvp/components/ui/tabs.tsx"
2025-10-23T08:46:14.568975Z  INFO scan_sources: tailwindcss_oxide::scanner: Discovering "/workspaces/certified-mvp/components/ui/card.tsx"
2025-10-23T08:46:14.569002Z  INFO scan_sources: tailwindcss_oxide::scanner: Discovering "/workspaces/certified-mvp/components/ui/progress.tsx"
2025-10-23T08:46:14.569029Z  INFO scan_sources: tailwindcss_oxide::scanner: Discovering "/workspaces/certified-mvp/components/ui/dropdown-menu.tsx"
2025-10-23T08:46:14.569064Z  INFO scan_sources: tailwindcss_oxide::scanner: Discovering "/workspaces/certified-mvp/components/ui/avatar.tsx"
2025-10-23T08:46:14.569088Z  INFO scan_sources: tailwindcss_oxide::scanner: Discovering "/workspaces/certified-mvp/components/ui/textarea.tsx"
2025-10-23T08:46:14.569114Z  INFO scan_sources: tailwindcss_oxide::scanner: Discovering "/workspaces/certified-mvp/components/ui/badge.tsx"
2025-10-23T08:46:14.569138Z  INFO scan_sources: tailwindcss_oxide::scanner: Discovering "/workspaces/certified-mvp/components/ui/select.tsx"
2025-10-23T08:46:14.569161Z  INFO scan_sources: tailwindcss_oxide::scanner: Discovering "/workspaces/certified-mvp/components/ui/input.tsx"
2025-10-23T08:46:14.569186Z  INFO scan_sources: tailwindcss_oxide::scanner: Discovering "/workspaces/certified-mvp/components/ui/dialog.tsx"
2025-10-23T08:46:14.569207Z  INFO scan_sources: tailwindcss_oxide::scanner: Discovering "/workspaces/certified-mvp/components/ui/switch.tsx"
2025-10-23T08:46:14.569256Z  INFO scan_sources: tailwindcss_oxide::scanner: Discovering "/workspaces/certified-mvp/components/ui/button.tsx"
2025-10-23T08:46:14.569282Z  INFO scan_sources: tailwindcss_oxide::scanner: Discovering "/workspaces/certified-mvp/components/ui/sheet.tsx"
2025-10-23T08:46:14.569306Z  INFO scan_sources: tailwindcss_oxide::scanner: Discovering "/workspaces/certified-mvp/components/ui/radio-group.tsx"
2025-10-23T08:46:14.569330Z  INFO scan_sources: tailwindcss_oxide::scanner: Discovering "/workspaces/certified-mvp/components/ui/label.tsx"
2025-10-23T08:46:14.569364Z  INFO scan_sources: tailwindcss_oxide::scanner: Discovering "/workspaces/certified-mvp/components/dashboard"
2025-10-23T08:46:14.569414Z  INFO scan_sources: tailwindcss_oxide::scanner: Discovering "/workspaces/certified-mvp/components/dashboard/dashboard-nav.tsx"
2025-10-23T08:46:14.569447Z  INFO scan_sources: tailwindcss_oxide::scanner: Discovering "/workspaces/certified-mvp/components/secure-form.tsx"
2025-10-23T08:46:14.569474Z  INFO scan_sources: tailwindcss_oxide::scanner: Discovering "/workspaces/certified-mvp/components/error-boundary.tsx"
2025-10-23T08:46:14.569507Z  INFO scan_sources: tailwindcss_oxide::scanner: Discovering "/workspaces/certified-mvp/lib"
2025-10-23T08:46:14.569560Z  INFO scan_sources: tailwindcss_oxide::scanner: Discovering "/workspaces/certified-mvp/lib/validation.tsx"
2025-10-23T08:46:14.569588Z  INFO scan_sources: tailwindcss_oxide::scanner: Discovering "/workspaces/certified-mvp/lib/server-auth.ts"
2025-10-23T08:46:14.569612Z  INFO scan_sources: tailwindcss_oxide::scanner: Discovering "/workspaces/certified-mvp/lib/send-invite-email.ts"
2025-10-23T08:46:14.569642Z  INFO scan_sources: tailwindcss_oxide::scanner: Discovering "/workspaces/certified-mvp/lib/supabase"
2025-10-23T08:46:14.569691Z  INFO scan_sources: tailwindcss_oxide::scanner: Discovering "/workspaces/certified-mvp/lib/supabase/client.ts"
2025-10-23T08:46:14.569718Z  INFO scan_sources: tailwindcss_oxide::scanner: Discovering "/workspaces/certified-mvp/lib/supabase/server.ts"
2025-10-23T08:46:14.569746Z  INFO scan_sources: tailwindcss_oxide::scanner: Discovering "/workspaces/certified-mvp/lib/supabase/middleware.ts"
2025-10-23T08:46:14.569776Z  INFO scan_sources: tailwindcss_oxide::scanner: Discovering "/workspaces/certified-mvp/lib/utils.ts"
2025-10-23T08:46:14.569802Z  INFO scan_sources: tailwindcss_oxide::scanner: Discovering "/workspaces/certified-mvp/lib/error-handler.ts"
2025-10-23T08:46:14.569827Z  INFO scan_sources: tailwindcss_oxide::scanner: Discovering "/workspaces/certified-mvp/lib/security.ts"
2025-10-23T08:46:14.569850Z  INFO scan_sources: tailwindcss_oxide::scanner: Discovering "/workspaces/certified-mvp/lib/api-client.ts"
2025-10-23T08:46:14.569873Z  INFO scan_sources: tailwindcss_oxide::scanner: Discovering "/workspaces/certified-mvp/lib/auth-validation.ts"
2025-10-23T08:46:14.569898Z  INFO scan_sources: tailwindcss_oxide::scanner: Discovering "/workspaces/certified-mvp/lib/monitoring.ts"
2025-10-23T08:46:14.569920Z  INFO scan_sources: tailwindcss_oxide::scanner: Discovering "/workspaces/certified-mvp/lib/rate-limit.ts"
2025-10-23T08:46:14.570008Z  INFO scan_sources: tailwindcss_oxide::scanner: Discovering "/workspaces/certified-mvp/styles"
2025-10-23T08:46:14.570057Z  INFO scan_sources: tailwindcss_oxide::scanner: Discovering "/workspaces/certified-mvp/styles/globals.css"
2025-10-23T08:46:14.570094Z  INFO scan_sources: tailwindcss_oxide::scanner: Discovering "/workspaces/certified-mvp/components.json"
2025-10-23T08:46:14.570126Z  INFO scan_sources: tailwindcss_oxide::scanner: Discovering "/workspaces/certified-mvp/postcss.config.mjs"
2025-10-23T08:46:14.570174Z  INFO scan_sources: tailwindcss_oxide::scanner: Discovering "/workspaces/certified-mvp/next.config.mjs"
2025-10-23T08:46:14.570203Z  INFO scan_sources: tailwindcss_oxide::scanner: Discovering "/workspaces/certified-mvp/eslint.config.mjs"
2025-10-23T08:46:14.570241Z  INFO scan_sources: tailwindcss_oxide::scanner: Discovering "/workspaces/certified-mvp/scripts"
2025-10-23T08:46:14.570299Z  INFO scan_sources: tailwindcss_oxide::scanner: Discovering "/workspaces/certified-mvp/scripts/005_update_employee_invites.sql"
2025-10-23T08:46:14.570325Z  INFO scan_sources: tailwindcss_oxide::scanner: Discovering "/workspaces/certified-mvp/scripts/004_add_certificate_template.sql"
2025-10-23T08:46:14.570352Z  INFO scan_sources: tailwindcss_oxide::scanner: Discovering "/workspaces/certified-mvp/scripts/005_create_employee_invites.sql"
2025-10-23T08:46:14.570384Z  INFO scan_sources: tailwindcss_oxide::scanner: Discovering "/workspaces/certified-mvp/scripts/001_create_database_schema.sql"
2025-10-23T08:46:14.570411Z  INFO scan_sources: tailwindcss_oxide::scanner: Discovering "/workspaces/certified-mvp/scripts/002_create_profile_trigger.sql"
2025-10-23T08:46:14.570438Z  INFO scan_sources: tailwindcss_oxide::scanner: Discovering "/workspaces/certified-mvp/scripts/003_seed_sample_data.sql"
2025-10-23T08:46:14.570467Z  INFO scan_sources: tailwindcss_oxide::scanner: Discovering "/workspaces/certified-mvp/tsconfig.json"
2025-10-23T08:46:14.570526Z  INFO scan_sources: tailwindcss_oxide::scanner: Discovering "/workspaces/certified-mvp/app"
2025-10-23T08:46:14.570570Z  INFO scan_sources: tailwindcss_oxide::scanner: Discovering "/workspaces/certified-mvp/app/globals.css"
2025-10-23T08:46:14.570599Z  INFO scan_sources: tailwindcss_oxide::scanner: Discovering "/workspaces/certified-mvp/app/page.tsx"
2025-10-23T08:46:14.570626Z  INFO scan_sources: tailwindcss_oxide::scanner: Discovering "/workspaces/certified-mvp/app/layout.tsx"
2025-10-23T08:46:14.570657Z  INFO scan_sources: tailwindcss_oxide::scanner: Discovering "/workspaces/certified-mvp/app/verify"
2025-10-23T08:46:14.570700Z  INFO scan_sources: tailwindcss_oxide::scanner: Discovering "/workspaces/certified-mvp/app/verify/page.tsx"
2025-10-23T08:46:14.570734Z  INFO scan_sources: tailwindcss_oxide::scanner: Discovering "/workspaces/certified-mvp/app/verify/loading.tsx"
2025-10-23T08:46:14.570767Z  INFO scan_sources: tailwindcss_oxide::scanner: Discovering "/workspaces/certified-mvp/app/auth"
2025-10-23T08:46:14.570813Z  INFO scan_sources: tailwindcss_oxide::scanner: Discovering "/workspaces/certified-mvp/app/auth/reset-password"
2025-10-23T08:46:14.570874Z  INFO scan_sources: tailwindcss_oxide::scanner: Discovering "/workspaces/certified-mvp/app/auth/reset-password/page.tsx"
2025-10-23T08:46:14.570908Z  INFO scan_sources: tailwindcss_oxide::scanner: Discovering "/workspaces/certified-mvp/app/auth/sign-up"
2025-10-23T08:46:14.570950Z  INFO scan_sources: tailwindcss_oxide::scanner: Discovering "/workspaces/certified-mvp/app/auth/sign-up/page.tsx"
2025-10-23T08:46:14.570988Z  INFO scan_sources: tailwindcss_oxide::scanner: Discovering "/workspaces/certified-mvp/app/auth/sign-up-success"
2025-10-23T08:46:14.571091Z  INFO scan_sources: tailwindcss_oxide::scanner: Discovering "/workspaces/certified-mvp/app/auth/sign-up-success/page.tsx"
2025-10-23T08:46:14.571195Z  INFO scan_sources: tailwindcss_oxide::scanner: Discovering "/workspaces/certified-mvp/app/auth/login"
2025-10-23T08:46:14.571783Z  INFO scan_sources: tailwindcss_oxide::scanner: Discovering "/workspaces/certified-mvp/app/auth/login/page.tsx"
2025-10-23T08:46:14.571880Z  INFO scan_sources: tailwindcss_oxide::scanner: Discovering "/workspaces/certified-mvp/app/dashboard"
2025-10-23T08:46:14.571940Z  INFO scan_sources: tailwindcss_oxide::scanner: Discovering "/workspaces/certified-mvp/app/dashboard/page.tsx"
2025-10-23T08:46:14.571972Z  INFO scan_sources: tailwindcss_oxide::scanner: Discovering "/workspaces/certified-mvp/app/dashboard/layout.tsx"
2025-10-23T08:46:14.572004Z  INFO scan_sources: tailwindcss_oxide::scanner: Discovering "/workspaces/certified-mvp/app/dashboard/employee"
2025-10-23T08:46:14.572051Z  INFO scan_sources: tailwindcss_oxide::scanner: Discovering "/workspaces/certified-mvp/app/dashboard/employee/page.tsx"
2025-10-23T08:46:14.572082Z  INFO scan_sources: tailwindcss_oxide::scanner: Discovering "/workspaces/certified-mvp/app/dashboard/employee/layout.tsx"
2025-10-23T08:46:14.572114Z  INFO scan_sources: tailwindcss_oxide::scanner: Discovering "/workspaces/certified-mvp/app/dashboard/employee/programs"
2025-10-23T08:46:14.572166Z  INFO scan_sources: tailwindcss_oxide::scanner: Discovering "/workspaces/certified-mvp/app/dashboard/employee/programs/[id]"
2025-10-23T08:46:14.572232Z  INFO scan_sources: tailwindcss_oxide::scanner: Discovering "/workspaces/certified-mvp/app/dashboard/employee/programs/[id]/page.tsx"
2025-10-23T08:46:14.572273Z  INFO scan_sources: tailwindcss_oxide::scanner: Discovering "/workspaces/certified-mvp/app/dashboard/employee/programs/[id]/reports"
2025-10-23T08:46:14.572330Z  INFO scan_sources: tailwindcss_oxide::scanner: Discovering "/workspaces/certified-mvp/app/dashboard/employee/programs/[id]/reports/new"
2025-10-23T08:46:14.572388Z  INFO scan_sources: tailwindcss_oxide::scanner: Discovering "/workspaces/certified-mvp/app/dashboard/employee/programs/[id]/reports/new/page.tsx"
2025-10-23T08:46:14.572433Z  INFO scan_sources: tailwindcss_oxide::scanner: Discovering "/workspaces/certified-mvp/app/dashboard/employee/programs/page.tsx"
2025-10-23T08:46:14.572471Z  INFO scan_sources: tailwindcss_oxide::scanner: Discovering "/workspaces/certified-mvp/app/dashboard/employee/certificates"
2025-10-23T08:46:14.572518Z  INFO scan_sources: tailwindcss_oxide::scanner: Discovering "/workspaces/certified-mvp/app/dashboard/employee/certificates/page.tsx"
2025-10-23T08:46:14.572557Z  INFO scan_sources: tailwindcss_oxide::scanner: Discovering "/workspaces/certified-mvp/app/dashboard/employee/tests"
2025-10-23T08:46:14.572606Z  INFO scan_sources: tailwindcss_oxide::scanner: Discovering "/workspaces/certified-mvp/app/dashboard/employee/tests/[id]"
2025-10-23T08:46:14.572653Z  INFO scan_sources: tailwindcss_oxide::scanner: Discovering "/workspaces/certified-mvp/app/dashboard/employee/tests/[id]/take"
2025-10-23T08:46:14.572704Z  INFO scan_sources: tailwindcss_oxide::scanner: Discovering "/workspaces/certified-mvp/app/dashboard/employee/tests/[id]/take/page.tsx"
2025-10-23T08:46:14.572754Z  INFO scan_sources: tailwindcss_oxide::scanner: Discovering "/workspaces/certified-mvp/app/dashboard/organization"
2025-10-23T08:46:14.572817Z  INFO scan_sources: tailwindcss_oxide::scanner: Discovering "/workspaces/certified-mvp/app/dashboard/organization/settings"
2025-10-23T08:46:14.572864Z  INFO scan_sources: tailwindcss_oxide::scanner: Discovering "/workspaces/certified-mvp/app/dashboard/organization/settings/page.tsx"
2025-10-23T08:46:14.574890Z  INFO scan_sources: tailwindcss_oxide::scanner: Discovering "/workspaces/certified-mvp/app/dashboard/organization/page.tsx"
2025-10-23T08:46:14.574920Z  INFO scan_sources: tailwindcss_oxide::scanner: Discovering "/workspaces/certified-mvp/app/dashboard/organization/employees"
2025-10-23T08:46:14.574965Z  INFO scan_sources: tailwindcss_oxide::scanner: Discovering "/workspaces/certified-mvp/app/dashboard/organization/employees/[id]"
2025-10-23T08:46:14.575004Z  INFO scan_sources: tailwindcss_oxide::scanner: Discovering "/workspaces/certified-mvp/app/dashboard/organization/employees/[id]/page.tsx"
2025-10-23T08:46:14.575025Z  INFO scan_sources: tailwindcss_oxide::scanner: Discovering "/workspaces/certified-mvp/app/dashboard/organization/employees/[id]/certificate-generator.tsx"
2025-10-23T08:46:14.575050Z  INFO scan_sources: tailwindcss_oxide::scanner: Discovering "/workspaces/certified-mvp/app/dashboard/organization/employees/[id]/edit-form.tsx"
2025-10-23T08:46:14.575073Z  INFO scan_sources: tailwindcss_oxide::scanner: Discovering "/workspaces/certified-mvp/app/dashboard/organization/employees/page.tsx"
2025-10-23T08:46:14.575098Z  INFO scan_sources: tailwindcss_oxide::scanner: Discovering "/workspaces/certified-mvp/app/dashboard/organization/programs"
2025-10-23T08:46:14.575134Z  INFO scan_sources: tailwindcss_oxide::scanner: Discovering "/workspaces/certified-mvp/app/dashboard/organization/programs/new"
2025-10-23T08:46:14.575166Z  INFO scan_sources: tailwindcss_oxide::scanner: Discovering "/workspaces/certified-mvp/app/dashboard/organization/programs/new/page.tsx"
2025-10-23T08:46:14.575191Z  INFO scan_sources: tailwindcss_oxide::scanner: Discovering "/workspaces/certified-mvp/app/dashboard/organization/programs/[id]"
2025-10-23T08:46:14.575264Z  INFO scan_sources: tailwindcss_oxide::scanner: Discovering "/workspaces/certified-mvp/app/dashboard/organization/programs/[id]/edit"
2025-10-23T08:46:14.575303Z  INFO scan_sources: tailwindcss_oxide::scanner: Discovering "/workspaces/certified-mvp/app/dashboard/organization/programs/[id]/edit/page.tsx"
2025-10-23T08:46:14.575325Z  INFO scan_sources: tailwindcss_oxide::scanner: Discovering "/workspaces/certified-mvp/app/dashboard/organization/programs/[id]/edit/edit-form.tsx"
2025-10-23T08:46:14.575348Z  INFO scan_sources: tailwindcss_oxide::scanner: Discovering "/workspaces/certified-mvp/app/dashboard/organization/programs/[id]/page.tsx"
2025-10-23T08:46:14.575371Z  INFO scan_sources: tailwindcss_oxide::scanner: Discovering "/workspaces/certified-mvp/app/dashboard/organization/programs/[id]/employees"
2025-10-23T08:46:14.575409Z  INFO scan_sources: tailwindcss_oxide::scanner: Discovering "/workspaces/certified-mvp/app/dashboard/organization/programs/[id]/employees/[employeeId]"
2025-10-23T08:46:14.575443Z  INFO scan_sources: tailwindcss_oxide::scanner: Discovering "/workspaces/certified-mvp/app/dashboard/organization/programs/[id]/employees/[employeeId]/page.tsx"
2025-10-23T08:46:14.575463Z  INFO scan_sources: tailwindcss_oxide::scanner: Discovering "/workspaces/certified-mvp/app/dashboard/organization/programs/[id]/employees/page.tsx"
2025-10-23T08:46:14.575487Z  INFO scan_sources: tailwindcss_oxide::scanner: Discovering "/workspaces/certified-mvp/app/dashboard/organization/programs/[id]/employees/enroll"
2025-10-23T08:46:14.575523Z  INFO scan_sources: tailwindcss_oxide::scanner: Discovering "/workspaces/certified-mvp/app/dashboard/organization/programs/[id]/employees/enroll/page.tsx"
2025-10-23T08:46:14.575549Z  INFO scan_sources: tailwindcss_oxide::scanner: Discovering "/workspaces/certified-mvp/app/dashboard/organization/programs/page.tsx"
2025-10-23T08:46:14.575573Z  INFO scan_sources: tailwindcss_oxide::scanner: Discovering "/workspaces/certified-mvp/app/dashboard/organization/certificates"
2025-10-23T08:46:14.575606Z  INFO scan_sources: tailwindcss_oxide::scanner: Discovering "/workspaces/certified-mvp/app/dashboard/organization/certificates/page.tsx"
2025-10-23T08:46:14.575631Z  INFO scan_sources: tailwindcss_oxide::scanner: Discovering "/workspaces/certified-mvp/app/dashboard/organization/tests"
2025-10-23T08:46:14.575662Z  INFO scan_sources: tailwindcss_oxide::scanner: Discovering "/workspaces/certified-mvp/app/dashboard/organization/tests/new"
2025-10-23T08:46:14.575693Z  INFO scan_sources: tailwindcss_oxide::scanner: Discovering "/workspaces/certified-mvp/app/dashboard/organization/tests/new/page.tsx"
2025-10-23T08:46:14.575716Z  INFO scan_sources: tailwindcss_oxide::scanner: Discovering "/workspaces/certified-mvp/app/dashboard/organization/tests/page.tsx"
2025-10-23T08:46:14.575748Z  INFO scan_sources: tailwindcss_oxide::scanner: Discovering "/workspaces/certified-mvp/app/api"
2025-10-23T08:46:14.575789Z  INFO scan_sources: tailwindcss_oxide::scanner: Discovering "/workspaces/certified-mvp/app/api/create-organization"
2025-10-23T08:46:14.575821Z  INFO scan_sources: tailwindcss_oxide::scanner: Discovering "/workspaces/certified-mvp/app/api/create-organization/route.ts"
2025-10-23T08:46:14.575848Z  INFO scan_sources: tailwindcss_oxide::scanner: Discovering "/workspaces/certified-mvp/app/api/health"
2025-10-23T08:46:14.575878Z  INFO scan_sources: tailwindcss_oxide::scanner: Discovering "/workspaces/certified-mvp/app/api/health/route.ts"
2025-10-23T08:46:14.575902Z  INFO scan_sources: tailwindcss_oxide::scanner: Discovering "/workspaces/certified-mvp/app/api/enroll-employee"
2025-10-23T08:46:14.575934Z  INFO scan_sources: tailwindcss_oxide::scanner: Discovering "/workspaces/certified-mvp/app/api/enroll-employee/route.ts"
2025-10-23T08:46:14.575958Z  INFO scan_sources: tailwindcss_oxide::scanner: Discovering "/workspaces/certified-mvp/app/api/generate-questions"
2025-10-23T08:46:14.575989Z  INFO scan_sources: tailwindcss_oxide::scanner: Discovering "/workspaces/certified-mvp/app/api/generate-questions/route.ts"
2025-10-23T08:46:14.576009Z  INFO scan_sources: tailwindcss_oxide::scanner: Discovering "/workspaces/certified-mvp/app/api/invite-employee"
2025-10-23T08:46:14.576040Z  INFO scan_sources: tailwindcss_oxide::scanner: Discovering "/workspaces/certified-mvp/app/api/invite-employee/route.ts"
2025-10-23T08:46:14.576063Z  INFO scan_sources: tailwindcss_oxide::scanner: Discovering "/workspaces/certified-mvp/app/api/certificates"
2025-10-23T08:46:14.576095Z  INFO scan_sources: tailwindcss_oxide::scanner: Discovering "/workspaces/certified-mvp/app/api/certificates/[id]"
2025-10-23T08:46:14.576127Z  INFO scan_sources: tailwindcss_oxide::scanner: Discovering "/workspaces/certified-mvp/app/api/certificates/[id]/route.ts"
2025-10-23T08:46:14.576150Z  INFO scan_sources: tailwindcss_oxide::scanner: Discovering "/workspaces/certified-mvp/app/api/certificates/create"
2025-10-23T08:46:14.576181Z  INFO scan_sources: tailwindcss_oxide::scanner: Discovering "/workspaces/certified-mvp/app/api/certificates/create/route.ts"
2025-10-23T08:46:14.576202Z  INFO scan_sources: tailwindcss_oxide::scanner: Discovering "/workspaces/certified-mvp/app/api/certificates/generate"
2025-10-23T08:46:14.576394Z  INFO scan_sources: tailwindcss_oxide::scanner: Discovering "/workspaces/certified-mvp/app/api/certificates/generate/route.ts"
2025-10-23T08:46:14.576471Z  INFO scan_sources: tailwindcss_oxide::scanner: Discovering "/workspaces/certified-mvp/app/api/employee-search"
2025-10-23T08:46:14.576525Z  INFO scan_sources: tailwindcss_oxide::scanner: Discovering "/workspaces/certified-mvp/app/api/employee-search/route.ts"
2025-10-23T08:46:14.576561Z  INFO scan_sources: tailwindcss_oxide::scanner: Discovering "/workspaces/certified-mvp/app/api/generate-certificate"
2025-10-23T08:46:14.576604Z  INFO scan_sources: tailwindcss_oxide::scanner: Discovering "/workspaces/certified-mvp/app/api/generate-certificate/route.ts"
2025-10-23T08:46:14.576640Z  INFO scan_sources: tailwindcss_oxide::scanner: Discovering "/workspaces/certified-mvp/app/api/organization"
2025-10-23T08:46:14.576688Z  INFO scan_sources: tailwindcss_oxide::scanner: Discovering "/workspaces/certified-mvp/app/api/organization/branding"
2025-10-23T08:46:14.576733Z  INFO scan_sources: tailwindcss_oxide::scanner: Discovering "/workspaces/certified-mvp/app/api/organization/branding/route.ts"
2025-10-23T08:46:14.576771Z  INFO scan_sources: tailwindcss_oxide::scanner: Discovering "/workspaces/certified-mvp/app/api/organization/update"
2025-10-23T08:46:14.576815Z  INFO scan_sources: tailwindcss_oxide::scanner: Discovering "/workspaces/certified-mvp/app/api/organization/update/route.ts"
2025-10-23T08:46:14.576875Z  INFO scan_sources: tailwindcss_oxide::scanner: Discovering "/workspaces/certified-mvp/package.json"
2025-10-23T08:46:14.576909Z  INFO scan_sources: tailwindcss_oxide::scanner: Discovering "/workspaces/certified-mvp/next-sitemap.config.js"
2025-10-23T08:46:14.576991Z  INFO scan_sources: tailwindcss_oxide::scanner: Discovering "/workspaces/certified-mvp/public"
2025-10-23T08:46:14.577056Z  INFO scan_sources: tailwindcss_oxide::scanner: Discovering "/workspaces/certified-mvp/public/templates"
2025-10-23T08:46:14.577122Z  INFO scan_sources: tailwindcss_oxide::scanner: Discovering "/workspaces/certified-mvp/public/certificate-templates"
2025-10-23T08:46:14.577175Z  INFO scan_sources: tailwindcss_oxide::scanner: Discovering "/workspaces/certified-mvp/public/certificate-templates/classic.html"
2025-10-23T08:46:14.577206Z  INFO scan_sources: tailwindcss_oxide::scanner: Discovering "/workspaces/certified-mvp/public/certificate-templates/modern.html"
2025-10-23T08:46:14.577258Z  INFO scan_sources: tailwindcss_oxide::scanner: Discovering "/workspaces/certified-mvp/public/certificate-templates/minimal.html"
2025-10-23T08:46:14.577309Z  INFO scan_sources: tailwindcss_oxide::scanner: Discovering "/workspaces/certified-mvp/public/certificate-templates/templates.json"
2025-10-23T08:46:14.577350Z  INFO scan_sources: tailwindcss_oxide::scanner: Discovering "/workspaces/certified-mvp/public/placeholder.svg"
2025-10-23T08:46:14.577379Z  INFO scan_sources: tailwindcss_oxide::scanner: Discovering "/workspaces/certified-mvp/public/placeholder-logo.svg"
2025-10-23T08:46:14.577418Z  INFO scan_sources: tailwindcss_oxide::scanner: Discovering "/workspaces/certified-mvp/middleware.ts"
2025-10-23T08:46:14.577496Z  INFO scan_sources: tailwindcss_oxide::scanner: exit
2025-10-23T08:46:14.577523Z  INFO extract_candidates: tailwindcss_oxide::scanner: enter
2025-10-23T08:46:14.577552Z  INFO extract_candidates:read_all_files: tailwindcss_oxide::scanner: enter
2025-10-23T08:46:14.577572Z  INFO extract_candidates:read_all_files: tailwindcss_oxide::scanner: Reading 114 file(s)
2025-10-23T08:46:14.577824Z  INFO tailwindcss_oxide::scanner: Reading "/workspaces/certified-mvp/supabase/.temp/postgres-version"
2025-10-23T08:46:14.577875Z  INFO tailwindcss_oxide::scanner: Reading "/workspaces/certified-mvp/supabase/.temp/gotrue-version"
2025-10-23T08:46:14.577908Z  INFO tailwindcss_oxide::scanner: Reading "/workspaces/certified-mvp/supabase/.temp/pooler-url"
2025-10-23T08:46:14.577934Z  INFO tailwindcss_oxide::scanner: Reading "/workspaces/certified-mvp/supabase/.temp/rest-version"
2025-10-23T08:46:14.577888Z  INFO tailwindcss_oxide::scanner: Reading "/workspaces/certified-mvp/scripts/003_seed_sample_data.sql"
2025-10-23T08:46:14.577961Z  INFO tailwindcss_oxide::scanner: Reading "/workspaces/certified-mvp/README.md"
2025-10-23T08:46:14.578014Z  INFO tailwindcss_oxide::scanner: Reading "/workspaces/certified-mvp/components/enroll-employees.tsx"
2025-10-23T08:46:14.578045Z  INFO tailwindcss_oxide::scanner: Reading "/workspaces/certified-mvp/components/certificate-template-picker.tsx"
2025-10-23T08:46:14.578070Z  INFO tailwindcss_oxide::scanner: Reading "/workspaces/certified-mvp/components/loading-spinner.tsx"
2025-10-23T08:46:14.578084Z  INFO tailwindcss_oxide::scanner: Reading "/workspaces/certified-mvp/tsconfig.json"
2025-10-23T08:46:14.578172Z  INFO tailwindcss_oxide::scanner: Reading "/workspaces/certified-mvp/app/page.tsx"
2025-10-23T08:46:14.578108Z  INFO tailwindcss_oxide::scanner: Reading "/workspaces/certified-mvp/components/certificate-template-previews.tsx"
2025-10-23T08:46:14.578421Z  INFO tailwindcss_oxide::scanner: Reading "/workspaces/certified-mvp/components/certificate-template.tsx"
2025-10-23T08:46:14.578476Z  INFO tailwindcss_oxide::scanner: Reading "/workspaces/certified-mvp/app/layout.tsx"
2025-10-23T08:46:14.578687Z  INFO tailwindcss_oxide::scanner: Reading "/workspaces/certified-mvp/app/verify/page.tsx"
2025-10-23T08:46:14.578847Z  INFO tailwindcss_oxide::scanner: Reading "/workspaces/certified-mvp/app/verify/loading.tsx"
2025-10-23T08:46:14.578727Z  INFO tailwindcss_oxide::scanner: Reading "/workspaces/certified-mvp/components/employee-search.tsx"
2025-10-23T08:46:14.578980Z  INFO tailwindcss_oxide::scanner: Reading "/workspaces/certified-mvp/components/responsive-container.tsx"
2025-10-23T08:46:14.578982Z  INFO tailwindcss_oxide::scanner: Reading "/workspaces/certified-mvp/app/auth/reset-password/page.tsx"
2025-10-23T08:46:14.579052Z  INFO tailwindcss_oxide::scanner: Reading "/workspaces/certified-mvp/app/auth/sign-up/page.tsx"
2025-10-23T08:46:14.579073Z  INFO tailwindcss_oxide::scanner: Reading "/workspaces/certified-mvp/app/auth/sign-up-success/page.tsx"
2025-10-23T08:46:14.579090Z  INFO tailwindcss_oxide::scanner: Reading "/workspaces/certified-mvp/app/auth/login/page.tsx"
2025-10-23T08:46:14.579109Z  INFO tailwindcss_oxide::scanner: Reading "/workspaces/certified-mvp/app/dashboard/page.tsx"
2025-10-23T08:46:14.579124Z  INFO tailwindcss_oxide::scanner: Reading "/workspaces/certified-mvp/app/dashboard/layout.tsx"
2025-10-23T08:46:14.579151Z  INFO tailwindcss_oxide::scanner: Reading "/workspaces/certified-mvp/app/dashboard/employee/page.tsx"
2025-10-23T08:46:14.579172Z  INFO tailwindcss_oxide::scanner: Reading "/workspaces/certified-mvp/app/dashboard/employee/layout.tsx"
2025-10-23T08:46:14.579196Z  INFO tailwindcss_oxide::scanner: Reading "/workspaces/certified-mvp/app/dashboard/employee/programs/[id]/page.tsx"
2025-10-23T08:46:14.579234Z  INFO tailwindcss_oxide::scanner: Reading "/workspaces/certified-mvp/app/dashboard/employee/programs/[id]/reports/new/page.tsx"
2025-10-23T08:46:14.579256Z  INFO tailwindcss_oxide::scanner: Reading "/workspaces/certified-mvp/app/dashboard/employee/programs/page.tsx"
2025-10-23T08:46:14.579275Z  INFO tailwindcss_oxide::scanner: Reading "/workspaces/certified-mvp/app/dashboard/employee/certificates/page.tsx"
2025-10-23T08:46:14.579298Z  INFO tailwindcss_oxide::scanner: Reading "/workspaces/certified-mvp/app/dashboard/employee/tests/[id]/take/page.tsx"
2025-10-23T08:46:14.579338Z  INFO tailwindcss_oxide::scanner: Reading "/workspaces/certified-mvp/app/dashboard/organization/settings/page.tsx"
2025-10-23T08:46:14.579370Z  INFO tailwindcss_oxide::scanner: Reading "/workspaces/certified-mvp/app/dashboard/organization/page.tsx"
2025-10-23T08:46:14.579389Z  INFO tailwindcss_oxide::scanner: Reading "/workspaces/certified-mvp/app/dashboard/organization/employees/[id]/page.tsx"
2025-10-23T08:46:14.579406Z  INFO tailwindcss_oxide::scanner: Reading "/workspaces/certified-mvp/app/dashboard/organization/employees/[id]/certificate-generator.tsx"
2025-10-23T08:46:14.579421Z  INFO tailwindcss_oxide::scanner: Reading "/workspaces/certified-mvp/app/dashboard/organization/employees/[id]/edit-form.tsx"
2025-10-23T08:46:14.579443Z  INFO tailwindcss_oxide::scanner: Reading "/workspaces/certified-mvp/app/dashboard/organization/employees/page.tsx"
2025-10-23T08:46:14.579468Z  INFO tailwindcss_oxide::scanner: Reading "/workspaces/certified-mvp/app/dashboard/organization/programs/new/page.tsx"
2025-10-23T08:46:14.579485Z  INFO tailwindcss_oxide::scanner: Reading "/workspaces/certified-mvp/app/dashboard/organization/programs/[id]/edit/page.tsx"
2025-10-23T08:46:14.579501Z  INFO tailwindcss_oxide::scanner: Reading "/workspaces/certified-mvp/app/dashboard/organization/programs/[id]/edit/edit-form.tsx"
2025-10-23T08:46:14.579523Z  INFO tailwindcss_oxide::scanner: Reading "/workspaces/certified-mvp/app/dashboard/organization/programs/[id]/page.tsx"
2025-10-23T08:46:14.579543Z  INFO tailwindcss_oxide::scanner: Reading "/workspaces/certified-mvp/app/dashboard/organization/programs/[id]/employees/[employeeId]/page.tsx"
2025-10-23T08:46:14.579557Z  INFO tailwindcss_oxide::scanner: Reading "/workspaces/certified-mvp/app/dashboard/organization/programs/[id]/employees/page.tsx"
2025-10-23T08:46:14.579571Z  INFO tailwindcss_oxide::scanner: Reading "/workspaces/certified-mvp/app/dashboard/organization/programs/[id]/employees/enroll/page.tsx"
2025-10-23T08:46:14.579587Z  INFO tailwindcss_oxide::scanner: Reading "/workspaces/certified-mvp/app/dashboard/organization/programs/page.tsx"
2025-10-23T08:46:14.579608Z  INFO tailwindcss_oxide::scanner: Reading "/workspaces/certified-mvp/app/dashboard/organization/certificates/page.tsx"
2025-10-23T08:46:14.579653Z  INFO tailwindcss_oxide::scanner: Reading "/workspaces/certified-mvp/app/dashboard/organization/tests/new/page.tsx"
2025-10-23T08:46:14.579685Z  INFO tailwindcss_oxide::scanner: Reading "/workspaces/certified-mvp/app/dashboard/organization/tests/page.tsx"
2025-10-23T08:46:14.579702Z  INFO tailwindcss_oxide::scanner: Reading "/workspaces/certified-mvp/app/api/create-organization/route.ts"
2025-10-23T08:46:14.579719Z  INFO tailwindcss_oxide::scanner: Reading "/workspaces/certified-mvp/app/api/health/route.ts"
2025-10-23T08:46:14.579741Z  INFO tailwindcss_oxide::scanner: Reading "/workspaces/certified-mvp/app/api/enroll-employee/route.ts"
2025-10-23T08:46:14.579763Z  INFO tailwindcss_oxide::scanner: Reading "/workspaces/certified-mvp/app/api/generate-questions/route.ts"
2025-10-23T08:46:14.579780Z  INFO tailwindcss_oxide::scanner: Reading "/workspaces/certified-mvp/app/api/invite-employee/route.ts"
2025-10-23T08:46:14.579799Z  INFO tailwindcss_oxide::scanner: Reading "/workspaces/certified-mvp/app/api/certificates/[id]/route.ts"
2025-10-23T08:46:14.579814Z  INFO tailwindcss_oxide::scanner: Reading "/workspaces/certified-mvp/app/api/certificates/create/route.ts"
2025-10-23T08:46:14.579831Z  INFO tailwindcss_oxide::scanner: Reading "/workspaces/certified-mvp/app/api/certificates/generate/route.ts"
2025-10-23T08:46:14.579853Z  INFO tailwindcss_oxide::scanner: Reading "/workspaces/certified-mvp/app/api/employee-search/route.ts"
2025-10-23T08:46:14.579878Z  INFO tailwindcss_oxide::scanner: Reading "/workspaces/certified-mvp/app/api/generate-certificate/route.ts"
2025-10-23T08:46:14.579899Z  INFO tailwindcss_oxide::scanner: Reading "/workspaces/certified-mvp/app/api/organization/branding/route.ts"
2025-10-23T08:46:14.579917Z  INFO tailwindcss_oxide::scanner: Reading "/workspaces/certified-mvp/app/api/organization/update/route.ts"
2025-10-23T08:46:14.579932Z  INFO tailwindcss_oxide::scanner: Reading "/workspaces/certified-mvp/package.json"
2025-10-23T08:46:14.579956Z  INFO tailwindcss_oxide::scanner: Reading "/workspaces/certified-mvp/next-sitemap.config.js"
2025-10-23T08:46:14.579972Z  INFO tailwindcss_oxide::scanner: Reading "/workspaces/certified-mvp/public/certificate-templates/classic.html"
2025-10-23T08:46:14.579987Z  INFO tailwindcss_oxide::scanner: Reading "/workspaces/certified-mvp/public/certificate-templates/modern.html"
2025-10-23T08:46:14.580003Z  INFO tailwindcss_oxide::scanner: Reading "/workspaces/certified-mvp/public/certificate-templates/minimal.html"
2025-10-23T08:46:14.580018Z  INFO tailwindcss_oxide::scanner: Reading "/workspaces/certified-mvp/public/certificate-templates/templates.json"
2025-10-23T08:46:14.580036Z  INFO tailwindcss_oxide::scanner: Reading "/workspaces/certified-mvp/public/placeholder.svg"
2025-10-23T08:46:14.580056Z  INFO tailwindcss_oxide::scanner: Reading "/workspaces/certified-mvp/public/placeholder-logo.svg"
2025-10-23T08:46:14.580075Z  INFO tailwindcss_oxide::scanner: Reading "/workspaces/certified-mvp/middleware.ts"
2025-10-23T08:46:14.580093Z  INFO tailwindcss_oxide::scanner: Reading "/workspaces/certified-mvp/components/ui/button.tsx"
2025-10-23T08:46:14.580111Z  INFO tailwindcss_oxide::scanner: Reading "/workspaces/certified-mvp/components/ui/sheet.tsx"
2025-10-23T08:46:14.580130Z  INFO tailwindcss_oxide::scanner: Reading "/workspaces/certified-mvp/components/ui/radio-group.tsx"
2025-10-23T08:46:14.580147Z  INFO tailwindcss_oxide::scanner: Reading "/workspaces/certified-mvp/components/ui/label.tsx"
2025-10-23T08:46:14.580168Z  INFO tailwindcss_oxide::scanner: Reading "/workspaces/certified-mvp/components/dashboard/dashboard-nav.tsx"
2025-10-23T08:46:14.580191Z  INFO tailwindcss_oxide::scanner: Reading "/workspaces/certified-mvp/components/secure-form.tsx"
2025-10-23T08:46:14.580207Z  INFO tailwindcss_oxide::scanner: Reading "/workspaces/certified-mvp/components/error-boundary.tsx"
2025-10-23T08:46:14.580236Z  INFO tailwindcss_oxide::scanner: Reading "/workspaces/certified-mvp/lib/validation.tsx"
2025-10-23T08:46:14.580252Z  INFO tailwindcss_oxide::scanner: Reading "/workspaces/certified-mvp/lib/server-auth.ts"
2025-10-23T08:46:14.580271Z  INFO tailwindcss_oxide::scanner: Reading "/workspaces/certified-mvp/lib/send-invite-email.ts"
2025-10-23T08:46:14.580292Z  INFO tailwindcss_oxide::scanner: Reading "/workspaces/certified-mvp/lib/supabase/client.ts"
2025-10-23T08:46:14.580307Z  INFO tailwindcss_oxide::scanner: Reading "/workspaces/certified-mvp/lib/supabase/server.ts"
2025-10-23T08:46:14.580322Z  INFO tailwindcss_oxide::scanner: Reading "/workspaces/certified-mvp/lib/supabase/middleware.ts"
2025-10-23T08:46:14.580336Z  INFO tailwindcss_oxide::scanner: Reading "/workspaces/certified-mvp/lib/utils.ts"
2025-10-23T08:46:14.580353Z  INFO tailwindcss_oxide::scanner: Reading "/workspaces/certified-mvp/lib/error-handler.ts"
2025-10-23T08:46:14.580374Z  INFO tailwindcss_oxide::scanner: Reading "/workspaces/certified-mvp/lib/security.ts"
2025-10-23T08:46:14.580393Z  INFO tailwindcss_oxide::scanner: Reading "/workspaces/certified-mvp/lib/api-client.ts"
2025-10-23T08:46:14.580412Z  INFO tailwindcss_oxide::scanner: Reading "/workspaces/certified-mvp/lib/auth-validation.ts"
2025-10-23T08:46:14.580428Z  INFO tailwindcss_oxide::scanner: Reading "/workspaces/certified-mvp/lib/monitoring.ts"
2025-10-23T08:46:14.580445Z  INFO tailwindcss_oxide::scanner: Reading "/workspaces/certified-mvp/lib/rate-limit.ts"
2025-10-23T08:46:14.580459Z  INFO tailwindcss_oxide::scanner: Reading "/workspaces/certified-mvp/components.json"
2025-10-23T08:46:14.580475Z  INFO tailwindcss_oxide::scanner: Reading "/workspaces/certified-mvp/postcss.config.mjs"
2025-10-23T08:46:14.580491Z  INFO tailwindcss_oxide::scanner: Reading "/workspaces/certified-mvp/next.config.mjs"
2025-10-23T08:46:14.580506Z  INFO tailwindcss_oxide::scanner: Reading "/workspaces/certified-mvp/eslint.config.mjs"
2025-10-23T08:46:14.580523Z  INFO tailwindcss_oxide::scanner: Reading "/workspaces/certified-mvp/scripts/005_update_employee_invites.sql"
2025-10-23T08:46:14.580538Z  INFO tailwindcss_oxide::scanner: Reading "/workspaces/certified-mvp/scripts/004_add_certificate_template.sql"
2025-10-23T08:46:14.580559Z  INFO tailwindcss_oxide::scanner: Reading "/workspaces/certified-mvp/scripts/005_create_employee_invites.sql"
2025-10-23T08:46:14.580583Z  INFO tailwindcss_oxide::scanner: Reading "/workspaces/certified-mvp/scripts/001_create_database_schema.sql"
2025-10-23T08:46:14.580605Z  INFO tailwindcss_oxide::scanner: Reading "/workspaces/certified-mvp/scripts/002_create_profile_trigger.sql"
2025-10-23T08:46:14.580622Z  INFO tailwindcss_oxide::scanner: Reading "/workspaces/certified-mvp/components/certificate-picker.tsx"
2025-10-23T08:46:14.580639Z  INFO tailwindcss_oxide::scanner: Reading "/workspaces/certified-mvp/components/theme-provider.tsx"
2025-10-23T08:46:14.580654Z  INFO tailwindcss_oxide::scanner: Reading "/workspaces/certified-mvp/components/ui/alert.tsx"
2025-10-23T08:46:14.580670Z  INFO tailwindcss_oxide::scanner: Reading "/workspaces/certified-mvp/components/ui/tabs.tsx"
2025-10-23T08:46:14.580686Z  INFO tailwindcss_oxide::scanner: Reading "/workspaces/certified-mvp/components/ui/card.tsx"
2025-10-23T08:46:14.580705Z  INFO tailwindcss_oxide::scanner: Reading "/workspaces/certified-mvp/components/ui/progress.tsx"
2025-10-23T08:46:14.580729Z  INFO tailwindcss_oxide::scanner: Reading "/workspaces/certified-mvp/components/ui/dropdown-menu.tsx"
2025-10-23T08:46:14.580750Z  INFO tailwindcss_oxide::scanner: Reading "/workspaces/certified-mvp/components/ui/avatar.tsx"
2025-10-23T08:46:14.580766Z  INFO tailwindcss_oxide::scanner: Reading "/workspaces/certified-mvp/components/ui/textarea.tsx"
2025-10-23T08:46:14.580781Z  INFO tailwindcss_oxide::scanner: Reading "/workspaces/certified-mvp/components/ui/badge.tsx"
2025-10-23T08:46:14.580805Z  INFO tailwindcss_oxide::scanner: Reading "/workspaces/certified-mvp/components/ui/select.tsx"
2025-10-23T08:46:14.580823Z  INFO tailwindcss_oxide::scanner: Reading "/workspaces/certified-mvp/components/ui/input.tsx"
2025-10-23T08:46:14.580839Z  INFO tailwindcss_oxide::scanner: Reading "/workspaces/certified-mvp/components/ui/dialog.tsx"
2025-10-23T08:46:14.580854Z  INFO tailwindcss_oxide::scanner: Reading "/workspaces/certified-mvp/components/ui/switch.tsx"
2025-10-23T08:46:14.580895Z  INFO tailwindcss_oxide::scanner: Reading "/workspaces/certified-mvp/components/certificate-generator.tsx"
2025-10-23T08:46:14.580920Z  INFO tailwindcss_oxide::scanner: Reading "/workspaces/certified-mvp/components/invite-employee.tsx"
2025-10-23T08:46:14.581058Z  INFO extract_candidates:read_all_files: tailwindcss_oxide::scanner: exit
2025-10-23T08:46:14.581106Z  INFO extract_candidates:parse_all_blobs: tailwindcss_oxide::scanner: enter
2025-10-23T08:46:14.581129Z  INFO extract_candidates:parse_all_blobs:extract: tailwindcss_oxide::scanner: enter
2025-10-23T08:46:14.588728Z  INFO extract_candidates:parse_all_blobs:extract: tailwindcss_oxide::scanner: exit
2025-10-23T08:46:14.588800Z  INFO extract_candidates:parse_all_blobs: tailwindcss_oxide::scanner: exit
2025-10-23T08:46:14.588841Z  INFO extract_candidates:read_all_files: tailwindcss_oxide::scanner: enter
2025-10-23T08:46:14.588869Z  INFO extract_candidates:read_all_files: tailwindcss_oxide::scanner: Reading 2 file(s)
2025-10-23T08:46:14.588911Z  INFO tailwindcss_oxide::scanner: Reading "/workspaces/certified-mvp/styles/globals.css"
2025-10-23T08:46:14.588946Z  INFO tailwindcss_oxide::scanner: Reading "/workspaces/certified-mvp/app/globals.css"
2025-10-23T08:46:14.588998Z  INFO extract_candidates:read_all_files: tailwindcss_oxide::scanner: exit
2025-10-23T08:46:14.589055Z  INFO extract_candidates:extract_css_variables: tailwindcss_oxide::scanner: enter
2025-10-23T08:46:14.589093Z  INFO extract_candidates:extract_css_variables:extract: tailwindcss_oxide::scanner: enter
2025-10-23T08:46:14.589349Z  INFO extract_candidates:extract_css_variables:extract: tailwindcss_oxide::scanner: exit
2025-10-23T08:46:14.589414Z  INFO extract_candidates:extract_css_variables: tailwindcss_oxide::scanner: exit
2025-10-23T08:46:14.590158Z  INFO extract_candidates: tailwindcss_oxide::scanner: exit
2025-10-23T08:46:14.591307Z  INFO get_files: tailwindcss_oxide::scanner: enter
2025-10-23T08:46:14.591345Z  INFO get_files:scan_sources: tailwindcss_oxide::scanner: enter
2025-10-23T08:46:14.591837Z  INFO get_files:scan_sources: tailwindcss_oxide::scanner: Discovering "/workspaces/certified-mvp/supabase"
2025-10-23T08:46:14.591909Z  INFO get_files:scan_sources: tailwindcss_oxide::scanner: Discovering "/workspaces/certified-mvp/supabase/.temp"
2025-10-23T08:46:14.592066Z  INFO get_files:scan_sources: tailwindcss_oxide::scanner: Discovering "/workspaces/certified-mvp/components"
2025-10-23T08:46:14.592228Z  INFO get_files:scan_sources: tailwindcss_oxide::scanner: Discovering "/workspaces/certified-mvp/components/ui"
2025-10-23T08:46:14.592397Z  INFO get_files:scan_sources: tailwindcss_oxide::scanner: Discovering "/workspaces/certified-mvp/components/dashboard"
2025-10-23T08:46:14.592475Z  INFO get_files:scan_sources: tailwindcss_oxide::scanner: Discovering "/workspaces/certified-mvp/lib"
2025-10-23T08:46:14.592554Z  INFO get_files:scan_sources: tailwindcss_oxide::scanner: Discovering "/workspaces/certified-mvp/lib/supabase"
2025-10-23T08:46:14.592705Z  INFO get_files:scan_sources: tailwindcss_oxide::scanner: Discovering "/workspaces/certified-mvp/styles"
2025-10-23T08:46:14.592814Z  INFO get_files:scan_sources: tailwindcss_oxide::scanner: Discovering "/workspaces/certified-mvp/scripts"
2025-10-23T08:46:14.592936Z  INFO get_files:scan_sources: tailwindcss_oxide::scanner: Discovering "/workspaces/certified-mvp/app"
2025-10-23T08:46:14.593007Z  INFO get_files:scan_sources: tailwindcss_oxide::scanner: Discovering "/workspaces/certified-mvp/app/verify"
2025-10-23T08:46:14.593063Z  INFO get_files:scan_sources: tailwindcss_oxide::scanner: Discovering "/workspaces/certified-mvp/app/auth"
2025-10-23T08:46:14.593103Z  INFO get_files:scan_sources: tailwindcss_oxide::scanner: Discovering "/workspaces/certified-mvp/app/auth/reset-password"
2025-10-23T08:46:14.593165Z  INFO get_files:scan_sources: tailwindcss_oxide::scanner: Discovering "/workspaces/certified-mvp/app/auth/sign-up"
2025-10-23T08:46:14.593224Z  INFO get_files:scan_sources: tailwindcss_oxide::scanner: Discovering "/workspaces/certified-mvp/app/auth/sign-up-success"
2025-10-23T08:46:14.593285Z  INFO get_files:scan_sources: tailwindcss_oxide::scanner: Discovering "/workspaces/certified-mvp/app/auth/login"
2025-10-23T08:46:14.593337Z  INFO get_files:scan_sources: tailwindcss_oxide::scanner: Discovering "/workspaces/certified-mvp/app/dashboard"
2025-10-23T08:46:14.593391Z  INFO get_files:scan_sources: tailwindcss_oxide::scanner: Discovering "/workspaces/certified-mvp/app/dashboard/employee"
2025-10-23T08:46:14.593448Z  INFO get_files:scan_sources: tailwindcss_oxide::scanner: Discovering "/workspaces/certified-mvp/app/dashboard/employee/programs"
2025-10-23T08:46:14.593502Z  INFO get_files:scan_sources: tailwindcss_oxide::scanner: Discovering "/workspaces/certified-mvp/app/dashboard/employee/programs/[id]"
2025-10-23T08:46:14.593557Z  INFO get_files:scan_sources: tailwindcss_oxide::scanner: Discovering "/workspaces/certified-mvp/app/dashboard/employee/programs/[id]/reports"
2025-10-23T08:46:14.593605Z  INFO get_files:scan_sources: tailwindcss_oxide::scanner: Discovering "/workspaces/certified-mvp/app/dashboard/employee/programs/[id]/reports/new"
2025-10-23T08:46:14.593670Z  INFO get_files:scan_sources: tailwindcss_oxide::scanner: Discovering "/workspaces/certified-mvp/app/dashboard/employee/certificates"
2025-10-23T08:46:14.593715Z  INFO get_files:scan_sources: tailwindcss_oxide::scanner: Discovering "/workspaces/certified-mvp/app/dashboard/employee/tests"
2025-10-23T08:46:14.593748Z  INFO get_files:scan_sources: tailwindcss_oxide::scanner: Discovering "/workspaces/certified-mvp/app/dashboard/employee/tests/[id]"
2025-10-23T08:46:14.593782Z  INFO get_files:scan_sources: tailwindcss_oxide::scanner: Discovering "/workspaces/certified-mvp/app/dashboard/employee/tests/[id]/take"
2025-10-23T08:46:14.593840Z  INFO get_files:scan_sources: tailwindcss_oxide::scanner: Discovering "/workspaces/certified-mvp/app/dashboard/organization"
2025-10-23T08:46:14.593873Z  INFO get_files:scan_sources: tailwindcss_oxide::scanner: Discovering "/workspaces/certified-mvp/app/dashboard/organization/settings"
2025-10-23T08:46:14.593924Z  INFO get_files:scan_sources: tailwindcss_oxide::scanner: Discovering "/workspaces/certified-mvp/app/dashboard/organization/employees"
2025-10-23T08:46:14.593960Z  INFO get_files:scan_sources: tailwindcss_oxide::scanner: Discovering "/workspaces/certified-mvp/app/dashboard/organization/employees/[id]"
2025-10-23T08:46:14.594049Z  INFO get_files:scan_sources: tailwindcss_oxide::scanner: Discovering "/workspaces/certified-mvp/app/dashboard/organization/programs"
2025-10-23T08:46:14.594093Z  INFO get_files:scan_sources: tailwindcss_oxide::scanner: Discovering "/workspaces/certified-mvp/app/dashboard/organization/programs/new"
2025-10-23T08:46:14.594151Z  INFO get_files:scan_sources: tailwindcss_oxide::scanner: Discovering "/workspaces/certified-mvp/app/dashboard/organization/programs/[id]"
2025-10-23T08:46:14.594197Z  INFO get_files:scan_sources: tailwindcss_oxide::scanner: Discovering "/workspaces/certified-mvp/app/dashboard/organization/programs/[id]/edit"
2025-10-23T08:46:14.594275Z  INFO get_files:scan_sources: tailwindcss_oxide::scanner: Discovering "/workspaces/certified-mvp/app/dashboard/organization/programs/[id]/employees"
2025-10-23T08:46:14.594320Z  INFO get_files:scan_sources: tailwindcss_oxide::scanner: Discovering "/workspaces/certified-mvp/app/dashboard/organization/programs/[id]/employees/[employeeId]"
2025-10-23T08:46:14.594381Z  INFO get_files:scan_sources: tailwindcss_oxide::scanner: Discovering "/workspaces/certified-mvp/app/dashboard/organization/programs/[id]/employees/enroll"
2025-10-23T08:46:14.594450Z  INFO get_files:scan_sources: tailwindcss_oxide::scanner: Discovering "/workspaces/certified-mvp/app/dashboard/organization/certificates"
2025-10-23T08:46:14.594496Z  INFO get_files:scan_sources: tailwindcss_oxide::scanner: Discovering "/workspaces/certified-mvp/app/dashboard/organization/tests"
2025-10-23T08:46:14.594537Z  INFO get_files:scan_sources: tailwindcss_oxide::scanner: Discovering "/workspaces/certified-mvp/app/dashboard/organization/tests/new"
2025-10-23T08:46:14.594606Z  INFO get_files:scan_sources: tailwindcss_oxide::scanner: Discovering "/workspaces/certified-mvp/app/api"
2025-10-23T08:46:14.594650Z  INFO get_files:scan_sources: tailwindcss_oxide::scanner: Discovering "/workspaces/certified-mvp/app/api/create-organization"
2025-10-23T08:46:14.594700Z  INFO get_files:scan_sources: tailwindcss_oxide::scanner: Discovering "/workspaces/certified-mvp/app/api/health"
2025-10-23T08:46:14.595059Z  INFO get_files:scan_sources: tailwindcss_oxide::scanner: Discovering "/workspaces/certified-mvp/app/api/enroll-employee"
2025-10-23T08:46:14.595274Z  INFO get_files:scan_sources: tailwindcss_oxide::scanner: Discovering "/workspaces/certified-mvp/app/api/generate-questions"
2025-10-23T08:46:14.595510Z  INFO get_files:scan_sources: tailwindcss_oxide::scanner: Discovering "/workspaces/certified-mvp/app/api/invite-employee"
2025-10-23T08:46:14.595817Z  INFO get_files:scan_sources: tailwindcss_oxide::scanner: Discovering "/workspaces/certified-mvp/app/api/certificates"
2025-10-23T08:46:14.596103Z  INFO get_files:scan_sources: tailwindcss_oxide::scanner: Discovering "/workspaces/certified-mvp/app/api/certificates/[id]"
2025-10-23T08:46:14.596345Z  INFO get_files:scan_sources: tailwindcss_oxide::scanner: Discovering "/workspaces/certified-mvp/app/api/certificates/create"
2025-10-23T08:46:14.596513Z  INFO get_files:scan_sources: tailwindcss_oxide::scanner: Discovering "/workspaces/certified-mvp/app/api/certificates/generate"
2025-10-23T08:46:14.596580Z  INFO get_files:scan_sources: tailwindcss_oxide::scanner: Discovering "/workspaces/certified-mvp/app/api/employee-search"
2025-10-23T08:46:14.596681Z  INFO get_files:scan_sources: tailwindcss_oxide::scanner: Discovering "/workspaces/certified-mvp/app/api/generate-certificate"
2025-10-23T08:46:14.596749Z  INFO get_files:scan_sources: tailwindcss_oxide::scanner: Discovering "/workspaces/certified-mvp/app/api/organization"
2025-10-23T08:46:14.596835Z  INFO get_files:scan_sources: tailwindcss_oxide::scanner: Discovering "/workspaces/certified-mvp/app/api/organization/branding"
2025-10-23T08:46:14.596893Z  INFO get_files:scan_sources: tailwindcss_oxide::scanner: Discovering "/workspaces/certified-mvp/app/api/organization/update"
2025-10-23T08:46:14.597078Z  INFO get_files:scan_sources: tailwindcss_oxide::scanner: Discovering "/workspaces/certified-mvp/public"
2025-10-23T08:46:14.597183Z  INFO get_files:scan_sources: tailwindcss_oxide::scanner: Discovering "/workspaces/certified-mvp/public/templates"
2025-10-23T08:46:14.597306Z  INFO get_files:scan_sources: tailwindcss_oxide::scanner: Discovering "/workspaces/certified-mvp/public/certificate-templates"
2025-10-23T08:46:14.597469Z  INFO get_files:scan_sources: tailwindcss_oxide::scanner: exit
2025-10-23T08:46:14.597586Z  INFO get_files: tailwindcss_oxide::scanner: exit
2025-10-23T08:46:14.598083Z  INFO get_globs: tailwindcss_oxide::scanner: enter
2025-10-23T08:46:14.598161Z  INFO get_globs:scan_sources: tailwindcss_oxide::scanner: enter
2025-10-23T08:46:14.598679Z  INFO get_globs:scan_sources: tailwindcss_oxide::scanner: Discovering "/workspaces/certified-mvp/supabase"
2025-10-23T08:46:14.598798Z  INFO get_globs:scan_sources: tailwindcss_oxide::scanner: Discovering "/workspaces/certified-mvp/supabase/.temp"
2025-10-23T08:46:14.599006Z  INFO get_globs:scan_sources: tailwindcss_oxide::scanner: Discovering "/workspaces/certified-mvp/components"
2025-10-23T08:46:14.599192Z  INFO get_globs:scan_sources: tailwindcss_oxide::scanner: Discovering "/workspaces/certified-mvp/components/ui"
2025-10-23T08:46:14.599372Z  INFO get_globs:scan_sources: tailwindcss_oxide::scanner: Discovering "/workspaces/certified-mvp/components/dashboard"
2025-10-23T08:46:14.599501Z  INFO get_globs:scan_sources: tailwindcss_oxide::scanner: Discovering "/workspaces/certified-mvp/lib"
2025-10-23T08:46:14.599622Z  INFO get_globs:scan_sources: tailwindcss_oxide::scanner: Discovering "/workspaces/certified-mvp/lib/supabase"
2025-10-23T08:46:14.599826Z  INFO get_globs:scan_sources: tailwindcss_oxide::scanner: Discovering "/workspaces/certified-mvp/styles"
2025-10-23T08:46:14.599985Z  INFO get_globs:scan_sources: tailwindcss_oxide::scanner: Discovering "/workspaces/certified-mvp/scripts"
2025-10-23T08:46:14.600116Z  INFO get_globs:scan_sources: tailwindcss_oxide::scanner: Discovering "/workspaces/certified-mvp/app"
2025-10-23T08:46:14.600248Z  INFO get_globs:scan_sources: tailwindcss_oxide::scanner: Discovering "/workspaces/certified-mvp/app/verify"
2025-10-23T08:46:14.600360Z  INFO get_globs:scan_sources: tailwindcss_oxide::scanner: Discovering "/workspaces/certified-mvp/app/auth"
2025-10-23T08:46:14.600451Z  INFO get_globs:scan_sources: tailwindcss_oxide::scanner: Discovering "/workspaces/certified-mvp/app/auth/reset-password"
2025-10-23T08:46:14.600508Z  INFO get_globs:scan_sources: tailwindcss_oxide::scanner: Discovering "/workspaces/certified-mvp/app/auth/sign-up"
2025-10-23T08:46:14.600604Z  INFO get_globs:scan_sources: tailwindcss_oxide::scanner: Discovering "/workspaces/certified-mvp/app/auth/sign-up-success"
2025-10-23T08:46:14.600661Z  INFO get_globs:scan_sources: tailwindcss_oxide::scanner: Discovering "/workspaces/certified-mvp/app/auth/login"
2025-10-23T08:46:14.600756Z  INFO get_globs:scan_sources: tailwindcss_oxide::scanner: Discovering "/workspaces/certified-mvp/app/dashboard"
2025-10-23T08:46:14.600859Z  INFO get_globs:scan_sources: tailwindcss_oxide::scanner: Discovering "/workspaces/certified-mvp/app/dashboard/employee"
2025-10-23T08:46:14.600919Z  INFO get_globs:scan_sources: tailwindcss_oxide::scanner: Discovering "/workspaces/certified-mvp/app/dashboard/employee/programs"
2025-10-23T08:46:14.601004Z  INFO get_globs:scan_sources: tailwindcss_oxide::scanner: Discovering "/workspaces/certified-mvp/app/dashboard/employee/programs/[id]"
2025-10-23T08:46:14.601063Z  INFO get_globs:scan_sources: tailwindcss_oxide::scanner: Discovering "/workspaces/certified-mvp/app/dashboard/employee/programs/[id]/reports"
2025-10-23T08:46:14.601158Z  INFO get_globs:scan_sources: tailwindcss_oxide::scanner: Discovering "/workspaces/certified-mvp/app/dashboard/employee/programs/[id]/reports/new"
2025-10-23T08:46:14.601245Z  INFO get_globs:scan_sources: tailwindcss_oxide::scanner: Discovering "/workspaces/certified-mvp/app/dashboard/employee/certificates"
2025-10-23T08:46:14.601345Z  INFO get_globs:scan_sources: tailwindcss_oxide::scanner: Discovering "/workspaces/certified-mvp/app/dashboard/employee/tests"
2025-10-23T08:46:14.601433Z  INFO get_globs:scan_sources: tailwindcss_oxide::scanner: Discovering "/workspaces/certified-mvp/app/dashboard/employee/tests/[id]"
2025-10-23T08:46:14.601521Z  INFO get_globs:scan_sources: tailwindcss_oxide::scanner: Discovering "/workspaces/certified-mvp/app/dashboard/employee/tests/[id]/take"
2025-10-23T08:46:14.601591Z  INFO get_globs:scan_sources: tailwindcss_oxide::scanner: Discovering "/workspaces/certified-mvp/app/dashboard/organization"
2025-10-23T08:46:14.601682Z  INFO get_globs:scan_sources: tailwindcss_oxide::scanner: Discovering "/workspaces/certified-mvp/app/dashboard/organization/settings"
2025-10-23T08:46:14.601747Z  INFO get_globs:scan_sources: tailwindcss_oxide::scanner: Discovering "/workspaces/certified-mvp/app/dashboard/organization/employees"
2025-10-23T08:46:14.601832Z  INFO get_globs:scan_sources: tailwindcss_oxide::scanner: Discovering "/workspaces/certified-mvp/app/dashboard/organization/employees/[id]"
2025-10-23T08:46:14.601957Z  INFO get_globs:scan_sources: tailwindcss_oxide::scanner: Discovering "/workspaces/certified-mvp/app/dashboard/organization/programs"
2025-10-23T08:46:14.602005Z  INFO get_globs:scan_sources: tailwindcss_oxide::scanner: Discovering "/workspaces/certified-mvp/app/dashboard/organization/programs/new"
2025-10-23T08:46:14.602099Z  INFO get_globs:scan_sources: tailwindcss_oxide::scanner: Discovering "/workspaces/certified-mvp/app/dashboard/organization/programs/[id]"
2025-10-23T08:46:14.602147Z  INFO get_globs:scan_sources: tailwindcss_oxide::scanner: Discovering "/workspaces/certified-mvp/app/dashboard/organization/programs/[id]/edit"
2025-10-23T08:46:14.602274Z  INFO get_globs:scan_sources: tailwindcss_oxide::scanner: Discovering "/workspaces/certified-mvp/app/dashboard/organization/programs/[id]/employees"
2025-10-23T08:46:14.602327Z  INFO get_globs:scan_sources: tailwindcss_oxide::scanner: Discovering "/workspaces/certified-mvp/app/dashboard/organization/programs/[id]/employees/[employeeId]"
2025-10-23T08:46:14.602433Z  INFO get_globs:scan_sources: tailwindcss_oxide::scanner: Discovering "/workspaces/certified-mvp/app/dashboard/organization/programs/[id]/employees/enroll"
2025-10-23T08:46:14.602509Z  INFO get_globs:scan_sources: tailwindcss_oxide::scanner: Discovering "/workspaces/certified-mvp/app/dashboard/organization/certificates"
2025-10-23T08:46:14.602609Z  INFO get_globs:scan_sources: tailwindcss_oxide::scanner: Discovering "/workspaces/certified-mvp/app/dashboard/organization/tests"
2025-10-23T08:46:14.602690Z  INFO get_globs:scan_sources: tailwindcss_oxide::scanner: Discovering "/workspaces/certified-mvp/app/dashboard/organization/tests/new"
2025-10-23T08:46:14.602754Z  INFO get_globs:scan_sources: tailwindcss_oxide::scanner: Discovering "/workspaces/certified-mvp/app/api"
2025-10-23T08:46:14.602793Z  INFO get_globs:scan_sources: tailwindcss_oxide::scanner: Discovering "/workspaces/certified-mvp/app/api/create-organization"
2025-10-23T08:46:14.602838Z  INFO get_globs:scan_sources: tailwindcss_oxide::scanner: Discovering "/workspaces/certified-mvp/app/api/health"
2025-10-23T08:46:14.602882Z  INFO get_globs:scan_sources: tailwindcss_oxide::scanner: Discovering "/workspaces/certified-mvp/app/api/enroll-employee"
2025-10-23T08:46:14.602924Z  INFO get_globs:scan_sources: tailwindcss_oxide::scanner: Discovering "/workspaces/certified-mvp/app/api/generate-questions"
2025-10-23T08:46:14.602967Z  INFO get_globs:scan_sources: tailwindcss_oxide::scanner: Discovering "/workspaces/certified-mvp/app/api/invite-employee"
2025-10-23T08:46:14.603009Z  INFO get_globs:scan_sources: tailwindcss_oxide::scanner: Discovering "/workspaces/certified-mvp/app/api/certificates"
2025-10-23T08:46:14.603043Z  INFO get_globs:scan_sources: tailwindcss_oxide::scanner: Discovering "/workspaces/certified-mvp/app/api/certificates/[id]"
2025-10-23T08:46:14.603087Z  INFO get_globs:scan_sources: tailwindcss_oxide::scanner: Discovering "/workspaces/certified-mvp/app/api/certificates/create"
2025-10-23T08:46:14.603130Z  INFO get_globs:scan_sources: tailwindcss_oxide::scanner: Discovering "/workspaces/certified-mvp/app/api/certificates/generate"
2025-10-23T08:46:14.603177Z  INFO get_globs:scan_sources: tailwindcss_oxide::scanner: Discovering "/workspaces/certified-mvp/app/api/employee-search"
2025-10-23T08:46:14.603283Z  INFO get_globs:scan_sources: tailwindcss_oxide::scanner: Discovering "/workspaces/certified-mvp/app/api/generate-certificate"
2025-10-23T08:46:14.603381Z  INFO get_globs:scan_sources: tailwindcss_oxide::scanner: Discovering "/workspaces/certified-mvp/app/api/organization"
2025-10-23T08:46:14.603469Z  INFO get_globs:scan_sources: tailwindcss_oxide::scanner: Discovering "/workspaces/certified-mvp/app/api/organization/branding"
2025-10-23T08:46:14.603563Z  INFO get_globs:scan_sources: tailwindcss_oxide::scanner: Discovering "/workspaces/certified-mvp/app/api/organization/update"
2025-10-23T08:46:14.603729Z  INFO get_globs:scan_sources: tailwindcss_oxide::scanner: Discovering "/workspaces/certified-mvp/public"
2025-10-23T08:46:14.603830Z  INFO get_globs:scan_sources: tailwindcss_oxide::scanner: Discovering "/workspaces/certified-mvp/public/templates"
2025-10-23T08:46:14.603928Z  INFO get_globs:scan_sources: tailwindcss_oxide::scanner: Discovering "/workspaces/certified-mvp/public/certificate-templates"
2025-10-23T08:46:14.604118Z  INFO get_globs:scan_sources: tailwindcss_oxide::scanner: exit
2025-10-23T08:46:14.605648Z  INFO get_globs: tailwindcss_oxide::scanner: exit
2025-10-23T08:46:32.617768Z  INFO scan_sources: tailwindcss_oxide::scanner: enter
2025-10-23T08:46:32.618588Z  INFO scan_sources: tailwindcss_oxide::scanner: Discovering "/workspaces/certified-mvp/supabase"
2025-10-23T08:46:32.620302Z  INFO scan_sources: tailwindcss_oxide::scanner: Discovering "/workspaces/certified-mvp/supabase/.temp"
2025-10-23T08:46:32.620498Z  INFO scan_sources: tailwindcss_oxide::scanner: Discovering "/workspaces/certified-mvp/components"
2025-10-23T08:46:32.621300Z  INFO scan_sources: tailwindcss_oxide::scanner: Discovering "/workspaces/certified-mvp/components/ui"
2025-10-23T08:46:32.621523Z  INFO scan_sources: tailwindcss_oxide::scanner: Discovering "/workspaces/certified-mvp/components/dashboard"
2025-10-23T08:46:32.621818Z  INFO scan_sources: tailwindcss_oxide::scanner: Discovering "/workspaces/certified-mvp/lib"
2025-10-23T08:46:32.622051Z  INFO scan_sources: tailwindcss_oxide::scanner: Discovering "/workspaces/certified-mvp/lib/supabase"
2025-10-23T08:46:32.622390Z  INFO scan_sources: tailwindcss_oxide::scanner: Discovering "/workspaces/certified-mvp/styles"
2025-10-23T08:46:32.622746Z  INFO scan_sources: tailwindcss_oxide::scanner: Discovering "/workspaces/certified-mvp/scripts"
2025-10-23T08:46:32.623145Z  INFO scan_sources: tailwindcss_oxide::scanner: Discovering "/workspaces/certified-mvp/app"
2025-10-23T08:46:32.624228Z  INFO scan_sources: tailwindcss_oxide::scanner: Discovering "/workspaces/certified-mvp/app/verify"
2025-10-23T08:46:32.624312Z  INFO scan_sources: tailwindcss_oxide::scanner: Discovering "/workspaces/certified-mvp/app/auth"
2025-10-23T08:46:32.624363Z  INFO scan_sources: tailwindcss_oxide::scanner: Discovering "/workspaces/certified-mvp/app/auth/reset-password"
2025-10-23T08:46:32.624423Z  INFO scan_sources: tailwindcss_oxide::scanner: Discovering "/workspaces/certified-mvp/app/auth/sign-up"
2025-10-23T08:46:32.624476Z  INFO scan_sources: tailwindcss_oxide::scanner: Discovering "/workspaces/certified-mvp/app/auth/sign-up-success"
2025-10-23T08:46:32.624529Z  INFO scan_sources: tailwindcss_oxide::scanner: Discovering "/workspaces/certified-mvp/app/auth/login"
2025-10-23T08:46:32.624585Z  INFO scan_sources: tailwindcss_oxide::scanner: Discovering "/workspaces/certified-mvp/app/dashboard"
2025-10-23T08:46:32.624641Z  INFO scan_sources: tailwindcss_oxide::scanner: Discovering "/workspaces/certified-mvp/app/dashboard/employee"
2025-10-23T08:46:32.624701Z  INFO scan_sources: tailwindcss_oxide::scanner: Discovering "/workspaces/certified-mvp/app/dashboard/employee/programs"
2025-10-23T08:46:32.624750Z  INFO scan_sources: tailwindcss_oxide::scanner: Discovering "/workspaces/certified-mvp/app/dashboard/employee/programs/[id]"
2025-10-23T08:46:32.624812Z  INFO scan_sources: tailwindcss_oxide::scanner: Discovering "/workspaces/certified-mvp/app/dashboard/employee/programs/[id]/reports"
2025-10-23T08:46:32.624865Z  INFO scan_sources: tailwindcss_oxide::scanner: Discovering "/workspaces/certified-mvp/app/dashboard/employee/programs/[id]/reports/new"
2025-10-23T08:46:32.624942Z  INFO scan_sources: tailwindcss_oxide::scanner: Discovering "/workspaces/certified-mvp/app/dashboard/employee/certificates"
2025-10-23T08:46:32.624997Z  INFO scan_sources: tailwindcss_oxide::scanner: Discovering "/workspaces/certified-mvp/app/dashboard/employee/tests"
2025-10-23T08:46:32.625040Z  INFO scan_sources: tailwindcss_oxide::scanner: Discovering "/workspaces/certified-mvp/app/dashboard/employee/tests/[id]"
2025-10-23T08:46:32.625084Z  INFO scan_sources: tailwindcss_oxide::scanner: Discovering "/workspaces/certified-mvp/app/dashboard/employee/tests/[id]/take"
2025-10-23T08:46:32.625152Z  INFO scan_sources: tailwindcss_oxide::scanner: Discovering "/workspaces/certified-mvp/app/dashboard/organization"
2025-10-23T08:46:32.625356Z  INFO scan_sources: tailwindcss_oxide::scanner: Discovering "/workspaces/certified-mvp/app/dashboard/organization/settings"
2025-10-23T08:46:32.626527Z  INFO scan_sources: tailwindcss_oxide::scanner: Discovering "/workspaces/certified-mvp/app/dashboard/organization/employees"
2025-10-23T08:46:32.626798Z  INFO scan_sources: tailwindcss_oxide::scanner: Discovering "/workspaces/certified-mvp/app/dashboard/organization/employees/[id]"
2025-10-23T08:46:32.626936Z  INFO scan_sources: tailwindcss_oxide::scanner: Discovering "/workspaces/certified-mvp/app/dashboard/organization/programs"
2025-10-23T08:46:32.627018Z  INFO scan_sources: tailwindcss_oxide::scanner: Discovering "/workspaces/certified-mvp/app/dashboard/organization/programs/new"
2025-10-23T08:46:32.627087Z  INFO scan_sources: tailwindcss_oxide::scanner: Discovering "/workspaces/certified-mvp/app/dashboard/organization/programs/[id]"
2025-10-23T08:46:32.627143Z  INFO scan_sources: tailwindcss_oxide::scanner: Discovering "/workspaces/certified-mvp/app/dashboard/organization/programs/[id]/edit"
2025-10-23T08:46:32.627251Z  INFO scan_sources: tailwindcss_oxide::scanner: Discovering "/workspaces/certified-mvp/app/dashboard/organization/programs/[id]/employees"
2025-10-23T08:46:32.627317Z  INFO scan_sources: tailwindcss_oxide::scanner: Discovering "/workspaces/certified-mvp/app/dashboard/organization/programs/[id]/employees/[employeeId]"
2025-10-23T08:46:32.627387Z  INFO scan_sources: tailwindcss_oxide::scanner: Discovering "/workspaces/certified-mvp/app/dashboard/organization/programs/[id]/employees/enroll"
2025-10-23T08:46:32.627466Z  INFO scan_sources: tailwindcss_oxide::scanner: Discovering "/workspaces/certified-mvp/app/dashboard/organization/certificates"
2025-10-23T08:46:32.627537Z  INFO scan_sources: tailwindcss_oxide::scanner: Discovering "/workspaces/certified-mvp/app/dashboard/organization/tests"
2025-10-23T08:46:32.627586Z  INFO scan_sources: tailwindcss_oxide::scanner: Discovering "/workspaces/certified-mvp/app/dashboard/organization/tests/new"
2025-10-23T08:46:32.627668Z  INFO scan_sources: tailwindcss_oxide::scanner: Discovering "/workspaces/certified-mvp/app/api"
2025-10-23T08:46:32.627742Z  INFO scan_sources: tailwindcss_oxide::scanner: Discovering "/workspaces/certified-mvp/app/api/create-organization"
2025-10-23T08:46:32.627802Z  INFO scan_sources: tailwindcss_oxide::scanner: Discovering "/workspaces/certified-mvp/app/api/health"
2025-10-23T08:46:32.627860Z  INFO scan_sources: tailwindcss_oxide::scanner: Discovering "/workspaces/certified-mvp/app/api/enroll-employee"
2025-10-23T08:46:32.627945Z  INFO scan_sources: tailwindcss_oxide::scanner: Discovering "/workspaces/certified-mvp/app/api/generate-questions"
2025-10-23T08:46:32.628008Z  INFO scan_sources: tailwindcss_oxide::scanner: Discovering "/workspaces/certified-mvp/app/api/invite-employee"
2025-10-23T08:46:32.628072Z  INFO scan_sources: tailwindcss_oxide::scanner: Discovering "/workspaces/certified-mvp/app/api/certificates"
2025-10-23T08:46:32.628247Z  INFO scan_sources: tailwindcss_oxide::scanner: Discovering "/workspaces/certified-mvp/app/api/certificates/[id]"
2025-10-23T08:46:32.628330Z  INFO scan_sources: tailwindcss_oxide::scanner: Discovering "/workspaces/certified-mvp/app/api/certificates/create"
2025-10-23T08:46:32.628466Z  INFO scan_sources: tailwindcss_oxide::scanner: Discovering "/workspaces/certified-mvp/app/api/certificates/generate"
2025-10-23T08:46:32.628607Z  INFO scan_sources: tailwindcss_oxide::scanner: Discovering "/workspaces/certified-mvp/app/api/employee-search"
2025-10-23T08:46:32.628683Z  INFO scan_sources: tailwindcss_oxide::scanner: Discovering "/workspaces/certified-mvp/app/api/generate-certificate"
2025-10-23T08:46:32.628776Z  INFO scan_sources: tailwindcss_oxide::scanner: Discovering "/workspaces/certified-mvp/app/api/organization"
2025-10-23T08:46:32.628905Z  INFO scan_sources: tailwindcss_oxide::scanner: Discovering "/workspaces/certified-mvp/app/api/organization/branding"
2025-10-23T08:46:32.628977Z  INFO scan_sources: tailwindcss_oxide::scanner: Discovering "/workspaces/certified-mvp/app/api/organization/update"
2025-10-23T08:46:32.629204Z  INFO scan_sources: tailwindcss_oxide::scanner: Discovering "/workspaces/certified-mvp/public"
2025-10-23T08:46:32.629288Z  INFO scan_sources: tailwindcss_oxide::scanner: Discovering "/workspaces/certified-mvp/public/templates"
2025-10-23T08:46:32.629411Z  INFO scan_sources: tailwindcss_oxide::scanner: Discovering "/workspaces/certified-mvp/public/certificate-templates"
2025-10-23T08:46:32.629674Z  INFO scan_sources: tailwindcss_oxide::scanner: exit
2025-10-23T08:46:32.629704Z  INFO extract_candidates: tailwindcss_oxide::scanner: enter
2025-10-23T08:46:32.629740Z  INFO extract_candidates:read_all_files: tailwindcss_oxide::scanner: enter
2025-10-23T08:46:32.629837Z  INFO extract_candidates:read_all_files: tailwindcss_oxide::scanner: Reading 0 file(s)
2025-10-23T08:46:32.629860Z  INFO extract_candidates:read_all_files: tailwindcss_oxide::scanner: exit
2025-10-23T08:46:32.629878Z  INFO extract_candidates:parse_all_blobs: tailwindcss_oxide::scanner: enter
2025-10-23T08:46:32.629895Z  INFO extract_candidates:parse_all_blobs:extract: tailwindcss_oxide::scanner: enter
2025-10-23T08:46:32.629916Z  INFO extract_candidates:parse_all_blobs:extract: tailwindcss_oxide::scanner: exit
2025-10-23T08:46:32.629932Z  INFO extract_candidates:parse_all_blobs: tailwindcss_oxide::scanner: exit
2025-10-23T08:46:32.629950Z  INFO extract_candidates: tailwindcss_oxide::scanner: exit
2025-10-23T08:46:32.631272Z  INFO get_files: tailwindcss_oxide::scanner: enter
2025-10-23T08:46:32.631309Z  INFO get_files:scan_sources: tailwindcss_oxide::scanner: enter
2025-10-23T08:46:32.631815Z  INFO get_files:scan_sources: tailwindcss_oxide::scanner: Discovering "/workspaces/certified-mvp/supabase"
2025-10-23T08:46:32.631885Z  INFO get_files:scan_sources: tailwindcss_oxide::scanner: Discovering "/workspaces/certified-mvp/supabase/.temp"
2025-10-23T08:46:32.632025Z  INFO get_files:scan_sources: tailwindcss_oxide::scanner: Discovering "/workspaces/certified-mvp/components"
2025-10-23T08:46:32.632162Z  INFO get_files:scan_sources: tailwindcss_oxide::scanner: Discovering "/workspaces/certified-mvp/components/ui"
2025-10-23T08:46:32.632333Z  INFO get_files:scan_sources: tailwindcss_oxide::scanner: Discovering "/workspaces/certified-mvp/components/dashboard"
2025-10-23T08:46:32.632414Z  INFO get_files:scan_sources: tailwindcss_oxide::scanner: Discovering "/workspaces/certified-mvp/lib"
2025-10-23T08:46:32.632483Z  INFO get_files:scan_sources: tailwindcss_oxide::scanner: Discovering "/workspaces/certified-mvp/lib/supabase"
2025-10-23T08:46:32.632629Z  INFO get_files:scan_sources: tailwindcss_oxide::scanner: Discovering "/workspaces/certified-mvp/styles"
2025-10-23T08:46:32.632740Z  INFO get_files:scan_sources: tailwindcss_oxide::scanner: Discovering "/workspaces/certified-mvp/scripts"
2025-10-23T08:46:32.632862Z  INFO get_files:scan_sources: tailwindcss_oxide::scanner: Discovering "/workspaces/certified-mvp/app"
2025-10-23T08:46:32.632931Z  INFO get_files:scan_sources: tailwindcss_oxide::scanner: Discovering "/workspaces/certified-mvp/app/verify"
2025-10-23T08:46:32.632987Z  INFO get_files:scan_sources: tailwindcss_oxide::scanner: Discovering "/workspaces/certified-mvp/app/auth"
2025-10-23T08:46:32.633028Z  INFO get_files:scan_sources: tailwindcss_oxide::scanner: Discovering "/workspaces/certified-mvp/app/auth/reset-password"
2025-10-23T08:46:32.633080Z  INFO get_files:scan_sources: tailwindcss_oxide::scanner: Discovering "/workspaces/certified-mvp/app/auth/sign-up"
2025-10-23T08:46:32.633127Z  INFO get_files:scan_sources: tailwindcss_oxide::scanner: Discovering "/workspaces/certified-mvp/app/auth/sign-up-success"
2025-10-23T08:46:32.633173Z  INFO get_files:scan_sources: tailwindcss_oxide::scanner: Discovering "/workspaces/certified-mvp/app/auth/login"
2025-10-23T08:46:32.633235Z  INFO get_files:scan_sources: tailwindcss_oxide::scanner: Discovering "/workspaces/certified-mvp/app/dashboard"
2025-10-23T08:46:32.633289Z  INFO get_files:scan_sources: tailwindcss_oxide::scanner: Discovering "/workspaces/certified-mvp/app/dashboard/employee"
2025-10-23T08:46:32.633342Z  INFO get_files:scan_sources: tailwindcss_oxide::scanner: Discovering "/workspaces/certified-mvp/app/dashboard/employee/programs"
2025-10-23T08:46:32.633387Z  INFO get_files:scan_sources: tailwindcss_oxide::scanner: Discovering "/workspaces/certified-mvp/app/dashboard/employee/programs/[id]"
2025-10-23T08:46:32.633440Z  INFO get_files:scan_sources: tailwindcss_oxide::scanner: Discovering "/workspaces/certified-mvp/app/dashboard/employee/programs/[id]/reports"
2025-10-23T08:46:32.633494Z  INFO get_files:scan_sources: tailwindcss_oxide::scanner: Discovering "/workspaces/certified-mvp/app/dashboard/employee/programs/[id]/reports/new"
2025-10-23T08:46:32.633563Z  INFO get_files:scan_sources: tailwindcss_oxide::scanner: Discovering "/workspaces/certified-mvp/app/dashboard/employee/certificates"
2025-10-23T08:46:32.633611Z  INFO get_files:scan_sources: tailwindcss_oxide::scanner: Discovering "/workspaces/certified-mvp/app/dashboard/employee/tests"
2025-10-23T08:46:32.633653Z  INFO get_files:scan_sources: tailwindcss_oxide::scanner: Discovering "/workspaces/certified-mvp/app/dashboard/employee/tests/[id]"
2025-10-23T08:46:32.633692Z  INFO get_files:scan_sources: tailwindcss_oxide::scanner: Discovering "/workspaces/certified-mvp/app/dashboard/employee/tests/[id]/take"
2025-10-23T08:46:32.633756Z  INFO get_files:scan_sources: tailwindcss_oxide::scanner: Discovering "/workspaces/certified-mvp/app/dashboard/organization"
2025-10-23T08:46:32.633798Z  INFO get_files:scan_sources: tailwindcss_oxide::scanner: Discovering "/workspaces/certified-mvp/app/dashboard/organization/settings"
2025-10-23T08:46:32.633855Z  INFO get_files:scan_sources: tailwindcss_oxide::scanner: Discovering "/workspaces/certified-mvp/app/dashboard/organization/employees"
2025-10-23T08:46:32.633895Z  INFO get_files:scan_sources: tailwindcss_oxide::scanner: Discovering "/workspaces/certified-mvp/app/dashboard/organization/employees/[id]"
2025-10-23T08:46:32.633972Z  INFO get_files:scan_sources: tailwindcss_oxide::scanner: Discovering "/workspaces/certified-mvp/app/dashboard/organization/programs"
2025-10-23T08:46:32.634014Z  INFO get_files:scan_sources: tailwindcss_oxide::scanner: Discovering "/workspaces/certified-mvp/app/dashboard/organization/programs/new"
2025-10-23T08:46:32.634064Z  INFO get_files:scan_sources: tailwindcss_oxide::scanner: Discovering "/workspaces/certified-mvp/app/dashboard/organization/programs/[id]"
2025-10-23T08:46:32.634104Z  INFO get_files:scan_sources: tailwindcss_oxide::scanner: Discovering "/workspaces/certified-mvp/app/dashboard/organization/programs/[id]/edit"
2025-10-23T08:46:32.634169Z  INFO get_files:scan_sources: tailwindcss_oxide::scanner: Discovering "/workspaces/certified-mvp/app/dashboard/organization/programs/[id]/employees"
2025-10-23T08:46:32.634222Z  INFO get_files:scan_sources: tailwindcss_oxide::scanner: Discovering "/workspaces/certified-mvp/app/dashboard/organization/programs/[id]/employees/[employeeId]"
2025-10-23T08:46:32.634286Z  INFO get_files:scan_sources: tailwindcss_oxide::scanner: Discovering "/workspaces/certified-mvp/app/dashboard/organization/programs/[id]/employees/enroll"
2025-10-23T08:46:32.634351Z  INFO get_files:scan_sources: tailwindcss_oxide::scanner: Discovering "/workspaces/certified-mvp/app/dashboard/organization/certificates"
2025-10-23T08:46:32.634403Z  INFO get_files:scan_sources: tailwindcss_oxide::scanner: Discovering "/workspaces/certified-mvp/app/dashboard/organization/tests"
2025-10-23T08:46:32.634443Z  INFO get_files:scan_sources: tailwindcss_oxide::scanner: Discovering "/workspaces/certified-mvp/app/dashboard/organization/tests/new"
2025-10-23T08:46:32.634510Z  INFO get_files:scan_sources: tailwindcss_oxide::scanner: Discovering "/workspaces/certified-mvp/app/api"
2025-10-23T08:46:32.634552Z  INFO get_files:scan_sources: tailwindcss_oxide::scanner: Discovering "/workspaces/certified-mvp/app/api/create-organization"
2025-10-23T08:46:32.634604Z  INFO get_files:scan_sources: tailwindcss_oxide::scanner: Discovering "/workspaces/certified-mvp/app/api/health"
2025-10-23T08:46:32.634652Z  INFO get_files:scan_sources: tailwindcss_oxide::scanner: Discovering "/workspaces/certified-mvp/app/api/enroll-employee"
2025-10-23T08:46:32.634700Z  INFO get_files:scan_sources: tailwindcss_oxide::scanner: Discovering "/workspaces/certified-mvp/app/api/generate-questions"
2025-10-23T08:46:32.634750Z  INFO get_files:scan_sources: tailwindcss_oxide::scanner: Discovering "/workspaces/certified-mvp/app/api/invite-employee"
2025-10-23T08:46:32.634801Z  INFO get_files:scan_sources: tailwindcss_oxide::scanner: Discovering "/workspaces/certified-mvp/app/api/certificates"
2025-10-23T08:46:32.634841Z  INFO get_files:scan_sources: tailwindcss_oxide::scanner: Discovering "/workspaces/certified-mvp/app/api/certificates/[id]"
2025-10-23T08:46:32.634890Z  INFO get_files:scan_sources: tailwindcss_oxide::scanner: Discovering "/workspaces/certified-mvp/app/api/certificates/create"
2025-10-23T08:46:32.634939Z  INFO get_files:scan_sources: tailwindcss_oxide::scanner: Discovering "/workspaces/certified-mvp/app/api/certificates/generate"
2025-10-23T08:46:32.634989Z  INFO get_files:scan_sources: tailwindcss_oxide::scanner: Discovering "/workspaces/certified-mvp/app/api/employee-search"
2025-10-23T08:46:32.635037Z  INFO get_files:scan_sources: tailwindcss_oxide::scanner: Discovering "/workspaces/certified-mvp/app/api/generate-certificate"
2025-10-23T08:46:32.635085Z  INFO get_files:scan_sources: tailwindcss_oxide::scanner: Discovering "/workspaces/certified-mvp/app/api/organization"
2025-10-23T08:46:32.635124Z  INFO get_files:scan_sources: tailwindcss_oxide::scanner: Discovering "/workspaces/certified-mvp/app/api/organization/branding"
2025-10-23T08:46:32.635172Z  INFO get_files:scan_sources: tailwindcss_oxide::scanner: Discovering "/workspaces/certified-mvp/app/api/organization/update"
2025-10-23T08:46:32.635302Z  INFO get_files:scan_sources: tailwindcss_oxide::scanner: Discovering "/workspaces/certified-mvp/public"
2025-10-23T08:46:32.635356Z  INFO get_files:scan_sources: tailwindcss_oxide::scanner: Discovering "/workspaces/certified-mvp/public/templates"
2025-10-23T08:46:32.635407Z  INFO get_files:scan_sources: tailwindcss_oxide::scanner: Discovering "/workspaces/certified-mvp/public/certificate-templates"
2025-10-23T08:46:32.635545Z  INFO get_files:scan_sources: tailwindcss_oxide::scanner: exit
2025-10-23T08:46:32.635720Z  INFO get_files: tailwindcss_oxide::scanner: exit
2025-10-23T08:46:32.636392Z  INFO get_globs: tailwindcss_oxide::scanner: enter
2025-10-23T08:46:32.636434Z  INFO get_globs: tailwindcss_oxide::scanner: exit
